Microsoft Windows [Version 10.0.19045.2193]
(c) Microsoft Corporation. All rights reserved.

D:\SoftDevelopment\Projects\IO Aero\io-avstats>run_io_avstats
=========================================================
d_m_a   - PostgreSQL: Download Microsoft Access database file
l_m_a   - PostgreSQL: Load Microsoft Access database data
---------------------------------------------------------
c_d_s   - PostgreSQL: Create the database schema
d_d_f   - PostgreSQL: Delete the database files
d_d_s   - PostgreSQL: Drop the database schema
s_d_c   - PostgreSQL: Set up the database container
---------------------------------------------------------
version - Show the IO-AVSTATS version
---------------------------------------------------------
Enter the desired task [default: l_m_a]
=========================================================
Pre2008.mdb
up22OCT.mdb
---------------------------------------------------------
Enter the stem name of the desired MS Access database file [default: up22OCT] Pre2008

Script run_io_avstats is now running
=======================================================================
Start run_io_avstats
-----------------------------------------------------------------------
IO-AVSTATS - Aviation Accident Statistics.
-----------------------------------------------------------------------
PYTHONPATH :
-----------------------------------------------------------------------
TASK       : l_m_a
MSACCESS   : Pre2008
-----------------------------------------------------------------------
The current time is: 12:39:13.03
Enter the new time:
=======================================================================
Progress update 2022-11-04 12:39:14.238974 : ===============================================================================.
Progress update 2022-11-04 12:39:14.238974 : INFO.00.004 Start Launcher.
Progress update 2022-11-04 12:39:14.240974 : INFO.00.001 The logger is configured and ready.
Progress update 2022-11-04 12:39:14.250973 : INFO.00.008 Arguments task='l_m_a' msaccess='Pre2008'.
Progress update 2022-11-04 12:39:14.250973 : -------------------------------------------------------------------------------.
Progress update 2022-11-04 12:39:14.461993 :
Progress update 2022-11-04 12:39:14.461993 : Database table       : events              <-----------------------------------.
Progress update 2022-11-04 12:43:54.636281 : Number of rows so far read :  10000.
Progress update 2022-11-04 12:48:05.724044 : Number of rows so far read :  20000.
Progress update 2022-11-04 12:52:40.331249 : Number of rows so far read :  30000.
Progress update 2022-11-04 12:57:23.185564 : Number of rows so far read :  40000.
Progress update 2022-11-04 13:01:58.558565 : Number of rows so far read :  50000.
Progress update 2022-11-04 13:06:42.037604 : Number of rows so far read :  60000.
Progress update 2022-11-04 13:08:06.872190 : Number rows selected :  63001.
Progress update 2022-11-04 13:08:06.872690 : Number rows inserted :  63001.
Progress update 2022-11-04 13:08:06.938690 :
Progress update 2022-11-04 13:08:06.939191 : Database table       : aircraft            <-----------------------------------.
Progress update 2022-11-04 13:12:55.958185 : Number of rows so far read :  10000.
Progress update 2022-11-04 13:17:23.667380 : Number of rows so far read :  20000.
Progress update 2022-11-04 13:22:07.179861 : Number of rows so far read :  30000.
Progress update 2022-11-04 13:26:50.209289 : Number of rows so far read :  40000.
Progress update 2022-11-04 13:31:35.604788 : Number of rows so far read :  50000.
Progress update 2022-11-04 13:36:01.872348 : Number of rows so far read :  60000.
Progress update 2022-11-04 13:37:48.958920 : Number rows selected :  63913.
Progress update 2022-11-04 13:37:48.959423 : Number rows inserted :  63913.
Progress update 2022-11-04 13:37:49.047422 :
Progress update 2022-11-04 13:37:49.047422 : Database table       : dt_events           <-----------------------------------.
Progress update 2022-11-04 13:42:28.880771 : Number of rows so far read :  10000.
Progress update 2022-11-04 13:47:09.977795 : Number of rows so far read :  20000.
Progress update 2022-11-04 13:51:48.500270 : Number of rows so far read :  30000.
Progress update 2022-11-04 13:56:33.811656 : Number of rows so far read :  40000.
Progress update 2022-11-04 14:01:17.066232 : Number of rows so far read :  50000.
Progress update 2022-11-04 14:05:56.055128 : Number of rows so far read :  60000.
Progress update 2022-11-04 14:10:36.493698 : Number of rows so far read :  70000.
Progress update 2022-11-04 14:15:20.289600 : Number of rows so far read :  80000.
Progress update 2022-11-04 14:19:58.620492 : Number of rows so far read :  90000.
Progress update 2022-11-04 14:24:02.819132 : Number of rows so far read : 100000.
Progress update 2022-11-04 14:28:38.233766 : Number of rows so far read : 110000.
Progress update 2022-11-04 14:33:11.549288 : Number of rows so far read : 120000.
Progress update 2022-11-04 14:37:55.987216 : Number of rows so far read : 130000.
Progress update 2022-11-04 14:42:36.583704 : Number of rows so far read : 140000.
Progress update 2022-11-04 14:47:18.913405 : Number of rows so far read : 150000.
Progress update 2022-11-04 14:52:00.584744 : Number of rows so far read : 160000.
Progress update 2022-11-04 14:56:45.046952 : Number of rows so far read : 170000.
Progress update 2022-11-04 15:01:25.743731 : Number of rows so far read : 180000.
Progress update 2022-11-04 15:06:13.888494 : Number of rows so far read : 190000.
Progress update 2022-11-04 15:10:47.504176 : Number of rows so far read : 200000.
Progress update 2022-11-04 15:15:06.698351 : Number of rows so far read : 210000.
Progress update 2022-11-04 15:19:31.016844 : Number of rows so far read : 220000.
Progress update 2022-11-04 15:24:06.731633 : Number of rows so far read : 230000.
Progress update 2022-11-04 15:28:48.710556 : Number of rows so far read : 240000.
Progress update 2022-11-04 15:33:25.933572 : Number of rows so far read : 250000.
Progress update 2022-11-04 15:35:30.065611 : Number rows selected : 254360.
Progress update 2022-11-04 15:35:30.065611 : Number rows inserted : 254360.
Progress update 2022-11-04 15:35:30.099610 :
Progress update 2022-11-04 15:35:30.100111 : Database table       : ntsb_admin          <-----------------------------------.
Progress update 2022-11-04 15:40:11.012292 : Number of rows so far read :  10000.
Progress update 2022-11-04 15:44:39.337637 : Number of rows so far read :  20000.
Progress update 2022-11-04 15:49:25.807298 : Number of rows so far read :  30000.
Progress update 2022-11-04 15:53:48.167716 : Number of rows so far read :  40000.
Progress update 2022-11-04 15:58:19.858215 : Number of rows so far read :  50000.
Progress update 2022-11-04 16:03:03.245768 : Number of rows so far read :  60000.
Progress update 2022-11-04 16:04:23.640551 : Number rows selected :  63001.
Progress update 2022-11-04 16:04:23.640551 : Number rows inserted :  63001.
Progress update 2022-11-04 16:04:23.646050 :
Progress update 2022-11-04 16:04:23.646050 : Database table       : dt_aircraft         <-----------------------------------.
Progress update 2022-11-04 16:09:12.976298 : Number of rows so far read :  10000.
Progress update 2022-11-04 16:13:31.596138 : Number of rows so far read :  20000.
Progress update 2022-11-04 16:17:44.034031 : Number of rows so far read :  30000.
Progress update 2022-11-04 16:22:16.915905 : Number of rows so far read :  40000.
Progress update 2022-11-04 16:26:57.471167 : Number of rows so far read :  50000.
Progress update 2022-11-04 16:31:35.935029 : Number of rows so far read :  60000.
Progress update 2022-11-04 16:36:15.490531 : Number of rows so far read :  70000.
Progress update 2022-11-04 16:40:59.103144 : Number of rows so far read :  80000.
Progress update 2022-11-04 16:45:41.158433 : Number of rows so far read :  90000.
Progress update 2022-11-04 16:50:27.053491 : Number of rows so far read : 100000.
Progress update 2022-11-04 16:54:55.237213 : Number of rows so far read : 110000.
Progress update 2022-11-04 16:59:05.933760 : Number of rows so far read : 120000.
Progress update 2022-11-04 17:03:40.390947 : Number of rows so far read : 130000.
Progress update 2022-11-04 17:08:24.111325 : Number of rows so far read : 140000.
Progress update 2022-11-04 17:12:46.171625 : Number of rows so far read : 150000.
Progress update 2022-11-04 17:16:56.710061 : Number of rows so far read : 160000.
Progress update 2022-11-04 17:21:28.976215 : Number of rows so far read : 170000.
Progress update 2022-11-04 17:26:08.956578 : Number of rows so far read : 180000.
Progress update 2022-11-04 17:30:47.770138 : Number of rows so far read : 190000.
Progress update 2022-11-04 17:35:27.150538 : Number of rows so far read : 200000.
Progress update 2022-11-04 17:40:10.429656 : Number of rows so far read : 210000.
Traceback (most recent call last):
  File "D:\SoftDevelopment\Projects\IO Aero\io-avstats\src\launcher.py", line 287, in <module>
    main(sys.argv)
  File "D:\SoftDevelopment\Projects\IO Aero\io-avstats\src\launcher.py", line 263, in main
    avstats.load_msaccess_data(ARG_MSACCESS)
  File "D:\SoftDevelopment\Projects\IO Aero\io-avstats\src\io_avstats\avstats.py", line 89, in load_msaccess_data
    db_dml_base.load_msaccess_data(msaccess)
  File "D:\SoftDevelopment\Projects\IO Aero\io-avstats\src\io_avstats\db_dml_base.py", line 3010, in load_msaccess_data
    _load_table_dt_aircraft(io_glob.TABLE_NAME_DT_AIRCRAFT, cur_ma, cur_pg)
  File "D:\SoftDevelopment\Projects\IO Aero\io-avstats\src\io_avstats\db_dml_base.py", line 906, in _load_table_dt_aircraft
    cur_pg.execute(
  File "C:\Users\walte\.virtualenvs\io-avstats-zZIfNcpY\lib\site-packages\psycopg\cursor.py", line 725, in execute
    raise ex.with_traceback(None)
psycopg.OperationalError: consuming input failed: server closed the connection unexpectedly
        This probably means the server terminated abnormally
        before or while processing the request.

-----------------------------------------------------------------------
The current time is: 17:44:50.35
Enter the new time:
-----------------------------------------------------------------------
End   run_io_avstats
=======================================================================

D:\SoftDevelopment\Projects\IO Aero\io-avstats>run_io_avstats
=========================================================
d_m_a   - PostgreSQL: Download Microsoft Access database file
l_m_a   - PostgreSQL: Load Microsoft Access database data
---------------------------------------------------------
c_d_s   - PostgreSQL: Create the database schema
d_d_f   - PostgreSQL: Delete the database files
d_d_s   - PostgreSQL: Drop the database schema
s_d_c   - PostgreSQL: Set up the database container
---------------------------------------------------------
version - Show the IO-AVSTATS version
---------------------------------------------------------
Enter the desired task [default: l_m_a]
=========================================================
Pre2008.mdb
up22OCT.mdb
---------------------------------------------------------
Enter the stem name of the desired MS Access database file [default: up22OCT] Pre2008

Script run_io_avstats is now running
=======================================================================
Start run_io_avstats
-----------------------------------------------------------------------
IO-AVSTATS - Aviation Accident Statistics.
-----------------------------------------------------------------------
PYTHONPATH :
-----------------------------------------------------------------------
TASK       : l_m_a
MSACCESS   : Pre2008
-----------------------------------------------------------------------
The current time is: 17:52:43.60
Enter the new time:
=======================================================================
Progress update 2022-11-04 17:52:45.114981 : ===============================================================================.
Progress update 2022-11-04 17:52:45.114981 : INFO.00.004 Start Launcher.
Progress update 2022-11-04 17:52:45.119481 : INFO.00.001 The logger is configured and ready.
Progress update 2022-11-04 17:52:45.127981 : INFO.00.008 Arguments task='l_m_a' msaccess='Pre2008'.
Progress update 2022-11-04 17:52:45.127981 : -------------------------------------------------------------------------------.
Progress update 2022-11-04 17:52:45.310981 :
Progress update 2022-11-04 17:52:45.311481 : Database table       : dt_aircraft         <-----------------------------------.
Progress update 2022-11-04 17:52:56.549833 : Number of rows so far read :  10000.
Progress update 2022-11-04 17:53:05.479476 : Number of rows so far read :  20000.
Progress update 2022-11-04 17:53:14.424689 : Number of rows so far read :  30000.
Progress update 2022-11-04 17:53:23.375659 : Number of rows so far read :  40000.
Progress update 2022-11-04 17:53:32.358047 : Number of rows so far read :  50000.
Progress update 2022-11-04 17:53:41.358343 : Number of rows so far read :  60000.
Progress update 2022-11-04 17:53:50.408587 : Number of rows so far read :  70000.
Progress update 2022-11-04 17:53:59.438323 : Number of rows so far read :  80000.
Progress update 2022-11-04 17:54:08.488118 : Number of rows so far read :  90000.
Progress update 2022-11-04 17:54:17.459236 : Number of rows so far read : 100000.
Progress update 2022-11-04 17:54:26.395145 : Number of rows so far read : 110000.
Progress update 2022-11-04 17:54:35.396407 : Number of rows so far read : 120000.
Progress update 2022-11-04 17:54:44.412538 : Number of rows so far read : 130000.
Progress update 2022-11-04 17:54:53.491273 : Number of rows so far read : 140000.
Progress update 2022-11-04 17:55:02.496203 : Number of rows so far read : 150000.
Progress update 2022-11-04 17:55:11.550470 : Number of rows so far read : 160000.
Progress update 2022-11-04 17:55:20.545359 : Number of rows so far read : 170000.
Progress update 2022-11-04 17:55:29.838839 : Number of rows so far read : 180000.
Progress update 2022-11-04 17:55:39.054213 : Number of rows so far read : 190000.
Progress update 2022-11-04 17:55:48.274565 : Number of rows so far read : 200000.
Progress update 2022-11-04 17:55:57.869294 : Number of rows so far read : 210000.
Progress update 2022-11-04 17:56:11.043294 : Number of rows so far read : 220000.
Progress update 2022-11-04 18:00:45.875139 : Number of rows so far read : 230000.
Progress update 2022-11-04 18:05:23.263697 : Number of rows so far read : 240000.
Progress update 2022-11-04 18:10:04.152293 : Number of rows so far read : 250000.
Progress update 2022-11-04 18:14:42.574714 : Number of rows so far read : 260000.
Progress update 2022-11-04 18:19:19.489279 : Number of rows so far read : 270000.
Progress update 2022-11-04 18:24:03.560382 : Number of rows so far read : 280000.
Progress update 2022-11-04 18:28:45.206728 : Number of rows so far read : 290000.
Progress update 2022-11-04 18:33:01.918257 : Number of rows so far read : 300000.
Progress update 2022-11-04 18:37:23.762296 : Number of rows so far read : 310000.
Progress update 2022-11-04 18:41:57.352587 : Number of rows so far read : 320000.
Progress update 2022-11-04 18:46:39.148875 : Number of rows so far read : 330000.
Progress update 2022-11-04 18:50:50.053845 : Number of rows so far read : 340000.
Progress update 2022-11-04 18:54:58.734390 : Number of rows so far read : 350000.
Progress update 2022-11-04 18:59:30.117078 : Number of rows so far read : 360000.
Progress update 2022-11-04 19:04:08.339559 : Number of rows so far read : 370000.
Progress update 2022-11-04 19:08:44.737499 : Number of rows so far read : 380000.
Progress update 2022-11-04 19:13:30.349428 : Number of rows so far read : 390000.
Progress update 2022-11-04 19:18:07.547487 : Number of rows so far read : 400000.
Progress update 2022-11-04 19:22:48.885426 : Number of rows so far read : 410000.
Progress update 2022-11-04 19:27:24.134104 : Number of rows so far read : 420000.
Progress update 2022-11-04 19:31:39.821040 : Number of rows so far read : 430000.
Progress update 2022-11-04 19:36:08.570973 : Number of rows so far read : 440000.
Progress update 2022-11-04 19:40:40.187480 : Number of rows so far read : 450000.
Progress update 2022-11-04 19:45:20.908975 : Number of rows so far read : 460000.
Progress update 2022-11-04 19:49:30.788948 : Number of rows so far read : 470000.
Progress update 2022-11-04 19:53:48.500768 : Number of rows so far read : 480000.
Progress update 2022-11-04 19:57:01.463372 : Number rows selected : 487123.
Progress update 2022-11-04 19:57:01.463873 : Number rows inserted : 267267.
Progress update 2022-11-04 19:57:01.535372 :
Progress update 2022-11-04 19:57:01.535372 : Database table       : engines             <-----------------------------------.
Progress update 2022-11-04 20:01:40.960362 : Number of rows so far read :  10000.
Progress update 2022-11-04 20:06:23.515201 : Number of rows so far read :  20000.
Progress update 2022-11-04 20:10:48.333143 : Number of rows so far read :  30000.
Progress update 2022-11-04 20:15:16.483271 : Number of rows so far read :  40000.
Progress update 2022-11-04 20:19:41.709768 : Number of rows so far read :  50000.
Progress update 2022-11-04 20:24:19.614782 : Number of rows so far read :  60000.
Progress update 2022-11-04 20:26:07.309836 : Number rows selected :  63874.
Progress update 2022-11-04 20:26:07.310338 : Number rows inserted :  63874.
Progress update 2022-11-04 20:26:07.324835 :
Progress update 2022-11-04 20:26:07.324835 : Database table       : events_sequence     <-----------------------------------.
Progress update 2022-11-04 20:26:07.893293 : Number rows selected :     16.
Progress update 2022-11-04 20:26:07.893293 : Number rows inserted :     16.
Progress update 2022-11-04 20:26:07.893293 :
Progress update 2022-11-04 20:26:07.893293 : Database table       : findings            <-----------------------------------.
Progress update 2022-11-04 20:26:08.251254 : Number rows selected :     10.
Progress update 2022-11-04 20:26:08.251254 : Number rows inserted :     10.
Progress update 2022-11-04 20:26:08.251757 :
Progress update 2022-11-04 20:26:08.251757 : Database table       : flight_crew         <-----------------------------------.
Progress update 2022-11-04 20:30:42.508174 : Number of rows so far read :  10000.
Progress update 2022-11-04 20:35:14.965732 : Number of rows so far read :  20000.
Progress update 2022-11-04 20:39:30.552691 : Number of rows so far read :  30000.
Progress update 2022-11-04 20:44:06.167541 : Number of rows so far read :  40000.
Progress update 2022-11-04 20:48:44.556743 : Number of rows so far read :  50000.
Progress update 2022-11-04 20:53:07.083661 : Number of rows so far read :  60000.
Progress update 2022-11-04 20:55:51.254192 : Number rows selected :  66047.
Progress update 2022-11-04 20:55:51.254693 : Number rows inserted :  66047.
Progress update 2022-11-04 20:55:51.281192 :
Progress update 2022-11-04 20:55:51.281192 : Database table       : injury              <-----------------------------------.
Progress update 2022-11-04 21:00:27.793774 : Number of rows so far read :  10000.
Progress update 2022-11-04 21:04:36.657373 : Number of rows so far read :  20000.
Progress update 2022-11-04 21:08:52.819519 : Number of rows so far read :  30000.
Progress update 2022-11-04 21:13:23.294146 : Number of rows so far read :  40000.
Progress update 2022-11-04 21:17:58.575740 : Number of rows so far read :  50000.
Progress update 2022-11-04 21:22:35.823066 : Number of rows so far read :  60000.
Progress update 2022-11-04 21:27:14.661912 : Number of rows so far read :  70000.
Progress update 2022-11-04 21:31:48.910711 : Number of rows so far read :  80000.
Progress update 2022-11-04 21:36:29.932522 : Number of rows so far read :  90000.
Progress update 2022-11-04 21:40:46.944339 : Number of rows so far read : 100000.
Progress update 2022-11-04 21:45:04.888806 : Number of rows so far read : 110000.
Progress update 2022-11-04 21:49:35.846654 : Number of rows so far read : 120000.
Progress update 2022-11-04 21:54:12.827897 : Number of rows so far read : 130000.
Progress update 2022-11-04 21:58:19.850438 : Number of rows so far read : 140000.
Progress update 2022-11-04 22:02:35.854351 : Number of rows so far read : 150000.
Progress update 2022-11-04 22:07:08.386231 : Number of rows so far read : 160000.
Progress update 2022-11-04 22:11:39.035652 : Number of rows so far read : 170000.
Progress update 2022-11-04 22:16:16.200174 : Number of rows so far read : 180000.
Progress update 2022-11-04 22:20:55.563817 : Number of rows so far read : 190000.
Progress update 2022-11-04 22:25:32.512082 : Number of rows so far read : 200000.
Progress update 2022-11-04 22:30:07.943451 : Number of rows so far read : 210000.
Progress update 2022-11-04 22:34:37.892811 : Number of rows so far read : 220000.
Progress update 2022-11-04 22:38:49.456534 : Number of rows so far read : 230000.
Progress update 2022-11-04 22:43:20.580726 : Number of rows so far read : 240000.
Progress update 2022-11-04 22:47:58.562428 : Number of rows so far read : 250000.
Progress update 2022-11-04 22:52:09.166517 : Number of rows so far read : 260000.
Progress update 2022-11-04 22:56:20.421552 : Number of rows so far read : 270000.
Progress update 2022-11-04 23:00:55.653617 : Number of rows so far read : 280000.
Progress update 2022-11-04 23:05:26.261043 : Number of rows so far read : 290000.
Progress update 2022-11-04 23:10:03.084137 : Number of rows so far read : 300000.
Progress update 2022-11-04 23:14:44.697058 : Number of rows so far read : 310000.
Progress update 2022-11-04 23:19:18.995178 : Number of rows so far read : 320000.
Progress update 2022-11-04 23:23:56.868150 : Number of rows so far read : 330000.
Progress update 2022-11-04 23:28:26.017951 : Number of rows so far read : 340000.
Progress update 2022-11-04 23:32:36.156519 : Number of rows so far read : 350000.
Progress update 2022-11-04 23:32:56.501157 : Number rows selected : 350758.
Progress update 2022-11-04 23:32:56.501157 : Number rows inserted : 350758.
Progress update 2022-11-04 23:32:56.540657 :
Progress update 2022-11-04 23:32:56.541158 : Database table       : narratives          <-----------------------------------.
Progress update 2022-11-04 23:37:46.187029 : Number of rows so far read :  10000.
Progress update 2022-11-04 23:42:26.041880 : Number of rows so far read :  20000.
Progress update 2022-11-04 23:46:57.266316 : Number of rows so far read :  30000.
Progress update 2022-11-04 23:51:36.430204 : Number of rows so far read :  40000.
Progress update 2022-11-04 23:56:14.694563 : Number of rows so far read :  50000.
Progress update 2022-11-05 00:00:58.232072 : Number of rows so far read :  60000.
Progress update 2022-11-05 00:02:54.016304 : Number rows selected :  63912.
Progress update 2022-11-05 00:02:54.016304 : Number rows inserted :  63912.
Progress update 2022-11-05 00:02:54.055305 :
Progress update 2022-11-05 00:02:54.055305 : Database table       : occurrences         <-----------------------------------.
Progress update 2022-11-05 00:03:03.490843 : Number of rows so far read :  10000.
Progress update 2022-11-05 00:03:12.044794 : Number of rows so far read :  20000.
Progress update 2022-11-05 00:03:20.642499 : Number of rows so far read :  30000.
Progress update 2022-11-05 00:03:29.218990 : Number of rows so far read :  40000.
Progress update 2022-11-05 00:03:37.782756 : Number of rows so far read :  50000.
Progress update 2022-11-05 00:03:46.338517 : Number of rows so far read :  60000.
Progress update 2022-11-05 00:03:56.222964 : Number of rows so far read :  70000.
Progress update 2022-11-05 00:04:05.003965 : Number of rows so far read :  80000.
Progress update 2022-11-05 00:04:13.698465 : Number of rows so far read :  90000.
Progress update 2022-11-05 00:04:22.396965 : Number of rows so far read : 100000.
Progress update 2022-11-05 00:04:31.134465 : Number of rows so far read : 110000.
Progress update 2022-11-05 00:04:39.811965 : Number of rows so far read : 120000.
Progress update 2022-11-05 00:04:48.488965 : Number of rows so far read : 130000.
Progress update 2022-11-05 00:04:55.508465 : Number rows selected : 137989.
Progress update 2022-11-05 00:04:55.508465 : Number rows inserted :      6.
Progress update 2022-11-05 00:04:55.524464 :
Progress update 2022-11-05 00:04:55.524464 : Database table       : dt_flight_crew      <-----------------------------------.
Progress update 2022-11-05 00:09:37.603964 : Number of rows so far read :  10000.
Progress update 2022-11-05 00:14:18.050965 : Number of rows so far read :  20000.
Progress update 2022-11-05 00:18:41.693965 : Number of rows so far read :  30000.
Progress update 2022-11-05 00:23:15.025965 : Number of rows so far read :  40000.
Progress update 2022-11-05 00:27:36.944464 : Number of rows so far read :  50000.
Progress update 2022-11-05 00:31:52.364964 : Number of rows so far read :  60000.
Progress update 2022-11-05 00:37:32.520464 : Number of rows so far read :  70000.
Progress update 2022-11-05 00:42:07.468464 : Number of rows so far read :  80000.
Progress update 2022-11-05 00:46:45.740965 : Number of rows so far read :  90000.
Progress update 2022-11-05 00:51:23.996465 : Number of rows so far read : 100000.
Progress update 2022-11-05 00:56:01.060464 : Number of rows so far read : 110000.
Progress update 2022-11-05 01:00:26.728465 : Number of rows so far read : 120000.
Progress update 2022-11-05 01:04:53.287793 : Number of rows so far read : 130000.
Progress update 2022-11-05 01:09:26.703038 : Number of rows so far read : 140000.
Progress update 2022-11-05 01:14:02.900538 : Number of rows so far read : 150000.
Progress update 2022-11-05 01:18:44.339038 : Number of rows so far read : 160000.
Progress update 2022-11-05 01:23:21.770038 : Number of rows so far read : 170000.
Progress update 2022-11-05 01:27:48.879038 : Number of rows so far read : 180000.
Progress update 2022-11-05 01:32:17.795539 : Number of rows so far read : 190000.
Progress update 2022-11-05 01:36:55.043038 : Number of rows so far read : 200000.
Progress update 2022-11-05 01:41:33.649038 : Number of rows so far read : 210000.
Progress update 2022-11-05 01:46:11.621538 : Number of rows so far read : 220000.
Progress update 2022-11-05 01:50:45.978038 : Number of rows so far read : 230000.
Progress update 2022-11-05 01:55:23.909038 : Number of rows so far read : 240000.
Progress update 2022-11-05 01:59:44.311539 : Number of rows so far read : 250000.
Progress update 2022-11-05 02:04:19.284538 : Number of rows so far read : 260000.
Progress update 2022-11-05 02:08:54.933087 : Number of rows so far read : 270000.
Progress update 2022-11-05 02:13:35.279789 : Number of rows so far read : 280000.
Progress update 2022-11-05 02:18:17.925669 : Number of rows so far read : 290000.
Progress update 2022-11-05 02:22:43.801502 : Number of rows so far read : 300000.
Progress update 2022-11-05 02:27:14.035063 : Number of rows so far read : 310000.
Progress update 2022-11-05 02:31:54.548657 : Number of rows so far read : 320000.
Progress update 2022-11-05 02:36:27.022072 : Number of rows so far read : 330000.
Progress update 2022-11-05 02:41:04.020082 : Number of rows so far read : 340000.
Progress update 2022-11-05 02:45:40.201544 : Number of rows so far read : 350000.
Progress update 2022-11-05 02:50:21.265096 : Number of rows so far read : 360000.
Progress update 2022-11-05 02:53:16.165800 : Number rows selected : 366463.
Progress update 2022-11-05 02:53:16.165800 : Number rows inserted : 366463.
Progress update 2022-11-05 02:53:16.205300 :
Progress update 2022-11-05 02:53:16.205300 : Database table       : flight_time         <-----------------------------------.
Progress update 2022-11-05 02:57:38.792808 : Number of rows so far read :  10000.
Progress update 2022-11-05 03:02:11.616597 : Number of rows so far read :  20000.
Progress update 2022-11-05 03:06:45.015639 : Number of rows so far read :  30000.
Progress update 2022-11-05 03:11:20.039241 : Number of rows so far read :  40000.
Progress update 2022-11-05 03:15:59.386281 : Number of rows so far read :  50000.
Progress update 2022-11-05 03:20:42.465340 : Number of rows so far read :  60000.
Progress update 2022-11-05 03:25:21.804242 : Number of rows so far read :  70000.
Progress update 2022-11-05 03:29:43.623123 : Number of rows so far read :  80000.
Progress update 2022-11-05 03:34:16.030314 : Number of rows so far read :  90000.
Progress update 2022-11-05 03:38:55.477081 : Number of rows so far read : 100000.
Progress update 2022-11-05 03:43:27.310192 : Number of rows so far read : 110000.
Progress update 2022-11-05 03:48:01.008685 : Number of rows so far read : 120000.
Progress update 2022-11-05 03:52:38.014563 : Number of rows so far read : 130000.
Progress update 2022-11-05 03:57:18.728258 : Number of rows so far read : 140000.
Progress update 2022-11-05 04:01:57.825097 : Number of rows so far read : 150000.
Progress update 2022-11-05 04:06:33.639885 : Number of rows so far read : 160000.
Progress update 2022-11-05 04:10:52.476238 : Number of rows so far read : 170000.
Progress update 2022-11-05 04:15:20.759580 : Number of rows so far read : 180000.
Progress update 2022-11-05 04:19:56.924612 : Number of rows so far read : 190000.
Progress update 2022-11-05 04:24:34.180225 : Number of rows so far read : 200000.
Progress update 2022-11-05 04:29:11.802977 : Number of rows so far read : 210000.
Progress update 2022-11-05 04:33:48.384536 : Number of rows so far read : 220000.
Progress update 2022-11-05 04:38:28.798159 : Number of rows so far read : 230000.
Progress update 2022-11-05 04:42:57.073046 : Number of rows so far read : 240000.
Progress update 2022-11-05 04:47:26.856377 : Number of rows so far read : 250000.
Progress update 2022-11-05 04:52:02.587919 : Number of rows so far read : 260000.
Progress update 2022-11-05 04:56:38.952376 : Number of rows so far read : 270000.
Progress update 2022-11-05 05:01:12.975858 : Number of rows so far read : 280000.
Progress update 2022-11-05 05:05:47.874012 : Number of rows so far read : 290000.
Progress update 2022-11-05 05:10:26.954975 : Number of rows so far read : 300000.
Progress update 2022-11-05 05:15:03.078067 : Number of rows so far read : 310000.
Progress update 2022-11-05 05:19:45.699080 : Number of rows so far read : 320000.
Progress update 2022-11-05 05:24:08.983584 : Number of rows so far read : 330000.
Progress update 2022-11-05 05:28:30.127706 : Number of rows so far read : 340000.
Progress update 2022-11-05 05:33:06.275838 : Number of rows so far read : 350000.
Progress update 2022-11-05 05:37:40.799400 : Number of rows so far read : 360000.
Progress update 2022-11-05 05:42:19.363435 : Number of rows so far read : 370000.
Progress update 2022-11-05 05:46:53.928620 : Number of rows so far read : 380000.
Progress update 2022-11-05 05:51:35.475045 : Number of rows so far read : 390000.
Progress update 2022-11-05 05:56:02.659052 : Number of rows so far read : 400000.
Progress update 2022-11-05 06:00:33.866502 : Number of rows so far read : 410000.
Progress update 2022-11-05 06:05:04.183136 : Number of rows so far read : 420000.
Progress update 2022-11-05 06:09:45.321568 : Number of rows so far read : 430000.
Progress update 2022-11-05 06:14:15.987383 : Number of rows so far read : 440000.
Progress update 2022-11-05 06:18:55.226175 : Number of rows so far read : 450000.
Progress update 2022-11-05 06:23:35.506148 : Number of rows so far read : 460000.
Progress update 2022-11-05 06:28:11.371179 : Number of rows so far read : 470000.
Progress update 2022-11-05 06:32:48.160565 : Number of rows so far read : 480000.
Progress update 2022-11-05 06:37:19.335115 : Number of rows so far read : 490000.
Progress update 2022-11-05 06:41:40.687533 : Number of rows so far read : 500000.
Progress update 2022-11-05 06:46:12.419881 : Number of rows so far read : 510000.
Progress update 2022-11-05 06:50:49.342910 : Number of rows so far read : 520000.
Progress update 2022-11-05 06:55:31.172455 : Number of rows so far read : 530000.
Progress update 2022-11-05 07:00:13.252144 : Number of rows so far read : 540000.
Progress update 2022-11-05 07:04:52.899093 : Number of rows so far read : 550000.
Progress update 2022-11-05 07:09:22.673937 : Number of rows so far read : 560000.
Progress update 2022-11-05 07:13:52.556991 : Number of rows so far read : 570000.
Progress update 2022-11-05 07:18:24.897802 : Number of rows so far read : 580000.
Progress update 2022-11-05 07:23:00.470798 : Number of rows so far read : 590000.
Progress update 2022-11-05 07:27:36.102246 : Number of rows so far read : 600000.
Progress update 2022-11-05 07:32:14.691381 : Number of rows so far read : 610000.
Progress update 2022-11-05 07:36:50.797579 : Number of rows so far read : 620000.
Progress update 2022-11-05 07:41:25.521175 : Number of rows so far read : 630000.
Progress update 2022-11-05 07:46:05.384859 : Number of rows so far read : 640000.
Progress update 2022-11-05 07:50:36.384247 : Number of rows so far read : 650000.
Progress update 2022-11-05 07:55:07.567127 : Number of rows so far read : 660000.
Progress update 2022-11-05 07:59:40.074923 : Number of rows so far read : 670000.
Progress update 2022-11-05 08:04:17.738606 : Number of rows so far read : 680000.
Progress update 2022-11-05 08:08:54.603406 : Number of rows so far read : 690000.
Progress update 2022-11-05 08:13:37.090962 : Number of rows so far read : 700000.
Progress update 2022-11-05 08:18:13.097790 : Number of rows so far read : 710000.
Progress update 2022-11-05 08:22:47.013008 : Number of rows so far read : 720000.
Progress update 2022-11-05 08:27:16.745968 : Number of rows so far read : 730000.
Progress update 2022-11-05 08:31:46.920494 : Number of rows so far read : 740000.
Progress update 2022-11-05 08:36:26.676349 : Number of rows so far read : 750000.
Progress update 2022-11-05 08:41:01.391040 : Number of rows so far read : 760000.
Progress update 2022-11-05 08:45:39.363732 : Number of rows so far read : 770000.
Progress update 2022-11-05 08:50:17.119592 : Number of rows so far read : 780000.
Progress update 2022-11-05 08:54:53.542506 : Number of rows so far read : 790000.
Progress update 2022-11-05 08:59:33.831168 : Number of rows so far read : 800000.
Progress update 2022-11-05 09:04:08.721220 : Number of rows so far read : 810000.
Progress update 2022-11-05 09:08:24.016860 : Number of rows so far read : 820000.
Progress update 2022-11-05 09:12:58.923581 : Number of rows so far read : 830000.
Progress update 2022-11-05 09:17:33.255428 : Number of rows so far read : 840000.
Progress update 2022-11-05 09:22:11.994789 : Number of rows so far read : 850000.
Progress update 2022-11-05 09:26:50.925235 : Number of rows so far read : 860000.
Progress update 2022-11-05 09:31:34.071177 : Number of rows so far read : 870000.
Progress update 2022-11-05 09:36:12.052060 : Number of rows so far read : 880000.
Progress update 2022-11-05 09:39:27.064093 : Number rows selected : 887597.
Progress update 2022-11-05 09:39:27.064594 : Number rows inserted : 887597.
Progress update 2022-11-05 09:39:27.213094 :
Progress update 2022-11-05 09:39:27.213593 : Database table       : seq_of_events       <-----------------------------------.
Progress update 2022-11-05 09:44:11.301785 : Number of rows so far read :  10000.
Progress update 2022-11-05 09:48:49.057771 : Number of rows so far read :  20000.
Progress update 2022-11-05 09:53:28.271792 : Number of rows so far read :  30000.
Progress update 2022-11-05 09:58:08.393314 : Number of rows so far read :  40000.
Progress update 2022-11-05 10:02:51.606359 : Number of rows so far read :  50000.
Progress update 2022-11-05 10:07:34.852300 : Number of rows so far read :  60000.
Progress update 2022-11-05 10:12:13.266149 : Number of rows so far read :  70000.
Progress update 2022-11-05 10:16:55.921186 : Number of rows so far read :  80000.
Progress update 2022-11-05 10:21:38.841861 : Number of rows so far read :  90000.
Progress update 2022-11-05 10:26:22.296413 : Number of rows so far read : 100000.
Progress update 2022-11-05 10:31:02.801489 : Number of rows so far read : 110000.
Progress update 2022-11-05 10:35:47.038678 : Number of rows so far read : 120000.
Progress update 2022-11-05 10:40:32.400867 : Number of rows so far read : 130000.
Progress update 2022-11-05 10:45:17.679848 : Number of rows so far read : 140000.
Progress update 2022-11-05 10:50:02.591941 : Number of rows so far read : 150000.
Progress update 2022-11-05 10:55:03.941214 : Number of rows so far read : 160000.
Progress update 2022-11-05 10:59:47.662179 : Number of rows so far read : 170000.
Progress update 2022-11-05 11:04:34.782148 : Number of rows so far read : 180000.
Progress update 2022-11-05 11:09:18.853132 : Number of rows so far read : 190000.
Progress update 2022-11-05 11:14:09.305547 : Number of rows so far read : 200000.
Progress update 2022-11-05 11:18:54.367033 : Number of rows so far read : 210000.
Progress update 2022-11-05 11:23:37.973639 : Number of rows so far read : 220000.
Progress update 2022-11-05 11:28:21.900906 : Number of rows so far read : 230000.
Progress update 2022-11-05 11:33:06.479967 : Number of rows so far read : 240000.
Progress update 2022-11-05 11:37:49.626148 : Number of rows so far read : 250000.
Progress update 2022-11-05 11:42:35.054816 : Number of rows so far read : 260000.
Progress update 2022-11-05 11:44:38.828470 : Number rows selected : 264329.
Progress update 2022-11-05 11:44:38.828470 : Number rows inserted : 264329.
Progress update 2022-11-05 11:44:38.992913 : -------------------------------------------------------------------------------.
Progress update 2022-11-05 11:44:38.993413 :   64,313,977,931,900 ns - Total time launcher.
Progress update 2022-11-05 11:44:38.993413 : INFO.00.006 End   Launcher.
Progress update 2022-11-05 11:44:38.993413 : ===============================================================================.

-----------------------------------------------------------------------
The current time is: 11:44:39.13
Enter the new time:
-----------------------------------------------------------------------
End   run_io_avstats
=======================================================================

D:\SoftDevelopment\Projects\IO Aero\io-avstats>run_io_avstats
=========================================================
d_m_a   - PostgreSQL: Download Microsoft Access database file
l_m_a   - PostgreSQL: Load Microsoft Access database data
---------------------------------------------------------
c_d_s   - PostgreSQL: Create the database schema
d_d_f   - PostgreSQL: Delete the database files
d_d_s   - PostgreSQL: Drop the database schema
s_d_c   - PostgreSQL: Set up the database container
---------------------------------------------------------
version - Show the IO-AVSTATS version
---------------------------------------------------------
Enter the desired task [default: l_m_a] l_m_a
=========================================================
avall.mdb
msaccess.mdb
Pre2008.mdb
up22OCT.mdb
---------------------------------------------------------
Enter the stem name of the desired MS Access database file [default: up22OCT] Pre2008

Script run_io_avstats is now running
=======================================================================
Start run_io_avstats
-----------------------------------------------------------------------
IO-AVSTATS - Aviation Accident Statistics.
-----------------------------------------------------------------------
PYTHONPATH :
-----------------------------------------------------------------------
TASK       : l_m_a
MSACCESS   : Pre2008
-----------------------------------------------------------------------
The current time is: 11:45:48.42
Enter the new time:
=======================================================================
Progress update 2022-11-05 11:45:49.655918 : ===============================================================================.
Progress update 2022-11-05 11:45:49.655918 : INFO.00.004 Start Launcher.
Progress update 2022-11-05 11:45:49.657916 : INFO.00.001 The logger is configured and ready.
Progress update 2022-11-05 11:45:49.666417 : INFO.00.008 Arguments task='l_m_a' msaccess='Pre2008'.
Progress update 2022-11-05 11:45:49.666417 : -------------------------------------------------------------------------------.
Progress update 2022-11-05 11:45:49.835916 :
Progress update 2022-11-05 11:45:49.835916 : Database table       : occurrences         <-----------------------------------.
Progress update 2022-11-05 11:50:31.438951 : Number of rows so far read :  10000.
Progress update 2022-11-05 11:55:04.112633 : Number of rows so far read :  20000.
Progress update 2022-11-05 11:59:40.134991 : Number of rows so far read :  30000.
Progress update 2022-11-05 12:04:16.075299 : Number of rows so far read :  40000.
Progress update 2022-11-05 12:08:51.206741 : Number of rows so far read :  50000.
Progress update 2022-11-05 12:13:18.540600 : Number of rows so far read :  60000.
Progress update 2022-11-05 12:17:58.170784 : Number of rows so far read :  70000.
Progress update 2022-11-05 12:22:29.803180 : Number of rows so far read :  80000.
Progress update 2022-11-05 12:27:07.709582 : Number of rows so far read :  90000.
Progress update 2022-11-05 12:31:45.173581 : Number of rows so far read : 100000.
Progress update 2022-11-05 12:36:27.419858 : Number of rows so far read : 110000.
Progress update 2022-11-05 12:40:56.437189 : Number of rows so far read : 120000.
Progress update 2022-11-05 12:45:31.293223 : Number of rows so far read : 130000.
Progress update 2022-11-05 12:49:12.739825 : Number rows selected : 137989.
Progress update 2022-11-05 12:49:12.740325 : Number rows inserted : 137983.
Progress update 2022-11-05 12:49:12.902374 : -------------------------------------------------------------------------------.
Progress update 2022-11-05 12:49:12.902875 :    3,803,323,457,600 ns - Total time launcher.
Progress update 2022-11-05 12:49:12.902875 : INFO.00.006 End   Launcher.
Progress update 2022-11-05 12:49:12.902875 : ===============================================================================.

-----------------------------------------------------------------------
The current time is: 12:49:13.05
Enter the new time:
-----------------------------------------------------------------------
End   run_io_avstats
=======================================================================

D:\SoftDevelopment\Projects\IO Aero\io-avstats>
