Script run_io_avstats is now running
=======================================================================
Start run_io_avstats
-----------------------------------------------------------------------
IO-AVSTATS - Aviation Accident Statistics.
-----------------------------------------------------------------------
PYTHONPATH :
-----------------------------------------------------------------------
TASK       : l_n_a
CORRECTION :
MSACCESS   : up15DEC
-----------------------------------------------------------------------
The current time is:  3:01:56.55
Enter the new time:
=======================================================================
Progress update 2022-12-18 03:01:59.422228 : ===============================================================================.
Progress update 2022-12-18 03:01:59.422228 : INFO.00.004 Start Launcher.
Progress update 2022-12-18 03:01:59.424228 : INFO.00.001 The logger is configured and ready.
Progress update 2022-12-18 03:01:59.432728 : INFO.00.008 Arguments task='l_n_a' msaccess='up15DEC'.
Progress update 2022-12-18 03:01:59.433228 : -------------------------------------------------------------------------------.
Progress update 2022-12-18 03:01:59.433228 : INFO.00.049 Loading NTSB MS Access database data from  file 'up15DEC'.
Progress update 2022-12-18 03:01:59.433228 : --------------------------------------------------------------------------------
Progress update 2022-12-18 03:01:59.433228 : INFO.00.054 ODBC driver='DRIVER={Microsoft Access Driver (*.mdb, *.accdb)};DBQ=D:\SoftDevelopment\Projects\IO-Aero\io-avstats\data\download\up15DEC.mdb;'.
Progress update 2022-12-18 03:02:00.468009 : INFO.00.021 The following database table is not processed: 'MSysAccessObjects'.
Progress update 2022-12-18 03:02:00.468009 : INFO.00.021 The following database table is not processed: 'MSysACEs'.
Progress update 2022-12-18 03:02:00.468009 : INFO.00.021 The following database table is not processed: 'MSysIMEXColumns'.
Progress update 2022-12-18 03:02:00.468510 : INFO.00.021 The following database table is not processed: 'MSysIMEXSpecs'.
Progress update 2022-12-18 03:02:00.468510 : INFO.00.021 The following database table is not processed: 'MSysModules2'.
Progress update 2022-12-18 03:02:00.468510 : INFO.00.021 The following database table is not processed: 'MSysNavPaneGroupCategories'.
Progress update 2022-12-18 03:02:00.468510 : INFO.00.021 The following database table is not processed: 'MSysNavPaneGroups'.
Progress update 2022-12-18 03:02:00.468510 : INFO.00.021 The following database table is not processed: 'MSysNavPaneGroupToObjects'.
Progress update 2022-12-18 03:02:00.468510 : INFO.00.021 The following database table is not processed: 'MSysNavPaneObjectIDs'.
Progress update 2022-12-18 03:02:00.468510 : INFO.00.021 The following database table is not processed: 'MSysObjects'.
Progress update 2022-12-18 03:02:00.468510 : INFO.00.021 The following database table is not processed: 'MSysQueries'.
Progress update 2022-12-18 03:02:00.468510 : INFO.00.021 The following database table is not processed: 'MSysRelationships'.
Progress update 2022-12-18 03:02:00.468510 : INFO.00.021 The following database table is not processed: 'Country'.
Progress update 2022-12-18 03:02:00.469012 : INFO.00.021 The following database table is not processed: 'ct_iaids'.
Progress update 2022-12-18 03:02:00.469012 : INFO.00.021 The following database table is not processed: 'ct_seqevt'.
Progress update 2022-12-18 03:02:00.469012 : INFO.00.021 The following database table is not processed: 'eADMSPUB_DataDictionary'.
Progress update 2022-12-18 03:02:00.469012 : INFO.00.021 The following database table is not processed: 'states'.
Progress update 2022-12-18 03:02:00.469012 :
Progress update 2022-12-18 03:02:00.469012 : Database table       : events              <-----------------------------------.
Progress update 2022-12-18 03:02:02.829483 : Number rows selected :     77.
Progress update 2022-12-18 03:02:02.829483 : Number rows inserted :     15.
Progress update 2022-12-18 03:02:02.829997 : Number rows updated  :     62.
Progress update 2022-12-18 03:02:02.829997 :
Progress update 2022-12-18 03:02:02.829997 : Database table       : aircraft            <-----------------------------------.
Progress update 2022-12-18 03:02:07.828401 : Number rows selected :     77.
Progress update 2022-12-18 03:02:07.828401 : Number rows inserted :     15.
Progress update 2022-12-18 03:02:07.828903 : Number rows updated  :     62.
Progress update 2022-12-18 03:02:07.828903 :
Progress update 2022-12-18 03:02:07.828903 : Database table       : dt_events           <-----------------------------------.
Progress update 2022-12-18 03:02:18.425030 : Number rows selected :    385.
Progress update 2022-12-18 03:02:18.425030 : Number rows inserted :    159.
Progress update 2022-12-18 03:02:18.425523 : Number rows updated  :    226.
Progress update 2022-12-18 03:02:18.425523 :
Progress update 2022-12-18 03:02:18.425523 : Database table       : ntsb_admin          <-----------------------------------.
Progress update 2022-12-18 03:02:20.508241 : Number rows selected :     77.
Progress update 2022-12-18 03:02:20.508241 : Number rows inserted :     15.
Progress update 2022-12-18 03:02:20.508241 : Number rows updated  :     62.
Progress update 2022-12-18 03:02:20.508241 :
Progress update 2022-12-18 03:02:20.508241 : Database table       : dt_aircraft         <-----------------------------------.
Progress update 2022-12-18 03:02:37.020238 : Number rows selected :    683.
Progress update 2022-12-18 03:02:37.020238 : Number rows inserted :    385.
Progress update 2022-12-18 03:02:37.020738 : Number rows updated  :    298.
Progress update 2022-12-18 03:02:37.020738 :
Progress update 2022-12-18 03:02:37.020738 : Database table       : engines             <-----------------------------------.
Progress update 2022-12-18 03:02:38.360943 : Number rows selected :     47.
Progress update 2022-12-18 03:02:38.361447 : Number rows inserted :     36.
Progress update 2022-12-18 03:02:38.361447 : Number rows updated  :     11.
Progress update 2022-12-18 03:02:38.361447 :
Progress update 2022-12-18 03:02:38.361447 : Database table       : events_sequence     <-----------------------------------.
Progress update 2022-12-18 03:02:41.193854 : Number rows selected :    108.
Progress update 2022-12-18 03:02:41.194353 : Number rows inserted :     62.
Progress update 2022-12-18 03:02:41.194353 : Number rows updated  :     46.
Progress update 2022-12-18 03:02:41.194353 :
Progress update 2022-12-18 03:02:41.194353 : Database table       : findings            <-----------------------------------.
Progress update 2022-12-18 03:02:43.593633 : Number rows selected :     94.
Progress update 2022-12-18 03:02:43.593633 : Number rows inserted :     94.
Progress update 2022-12-18 03:02:43.593633 :
Progress update 2022-12-18 03:02:43.594133 : Database table       : flight_crew         <-----------------------------------.
Progress update 2022-12-18 03:02:45.726279 : Number rows selected :     74.
Progress update 2022-12-18 03:02:45.726279 : Number rows inserted :     57.
Progress update 2022-12-18 03:02:45.726279 : Number rows updated  :     17.
Progress update 2022-12-18 03:02:45.726279 :
Progress update 2022-12-18 03:02:45.726781 : Database table       : injury              <-----------------------------------.
Progress update 2022-12-18 03:02:53.998519 : Number rows selected :    305.
Progress update 2022-12-18 03:02:53.998519 : Number rows inserted :     97.
Progress update 2022-12-18 03:02:53.998519 : Number rows updated  :    208.
Progress update 2022-12-18 03:02:53.999019 :
Progress update 2022-12-18 03:02:53.999019 : Database table       : narratives          <-----------------------------------.
Progress update 2022-12-18 03:02:55.873454 : Number rows selected :     60.
Progress update 2022-12-18 03:02:55.873454 : Number rows inserted :     39.
Progress update 2022-12-18 03:02:55.873454 : Number rows updated  :     21.
Progress update 2022-12-18 03:02:55.873454 :
Progress update 2022-12-18 03:02:55.873454 : Database table       : occurrences         <-----------------------------------.
Progress update 2022-12-18 03:02:55.885477 : Number rows selected :      0.
Progress update 2022-12-18 03:02:55.885477 :
Progress update 2022-12-18 03:02:55.885477 : Database table       : dt_flight_crew      <-----------------------------------.
Progress update 2022-12-18 03:03:04.629342 : Number rows selected :    338.
Progress update 2022-12-18 03:03:04.629342 : Number rows inserted :    280.
Progress update 2022-12-18 03:03:04.629844 : Number rows updated  :     58.
Progress update 2022-12-18 03:03:04.629844 :
Progress update 2022-12-18 03:03:04.629844 : Database table       : flight_time         <-----------------------------------.
Progress update 2022-12-18 03:03:24.973637 : Number rows selected :    774.
Progress update 2022-12-18 03:03:24.973637 : Number rows inserted :    676.
Progress update 2022-12-18 03:03:24.973637 : Number rows updated  :     98.
Progress update 2022-12-18 03:03:24.973637 :
Progress update 2022-12-18 03:03:24.974133 : Database table       : seq_of_events       <-----------------------------------.
Progress update 2022-12-18 03:03:24.994181 : Number rows selected :      0.
Progress update 2022-12-18 03:03:25.075929 : INFO.00.065 Cleansing PostgreSQL data.
Progress update 2022-12-18 03:03:25.075929 : --------------------------------------------------------------------------------
Progress update 2022-12-18 03:03:25.142428 : INFO.00.066 Cleansing table 'events' column 'ev_city'.
Progress update 2022-12-18 03:03:28.571816 : --------------------------------------------------------------------------------
Progress update 2022-12-18 03:03:28.572316 : INFO.00.066 Cleansing table 'events' column 'ev_site_zipcode'.
Progress update 2022-12-18 03:03:31.104986 : --------------------------------------------------------------------------------
Progress update 2022-12-18 03:03:31.104986 : INFO.00.066 Cleansing table 'events' column 'latitude'.
Progress update 2022-12-18 03:03:33.629172 : --------------------------------------------------------------------------------
Progress update 2022-12-18 03:03:33.629172 : INFO.00.066 Cleansing table 'events' column 'longitude'.
Progress update 2022-12-18 03:03:36.180510 : -------------------------------------------------------------------------------.
Progress update 2022-12-18 03:03:36.180510 :       96,908,281,000 ns - Total time launcher.
Progress update 2022-12-18 03:03:36.180510 : INFO.00.006 End   Launcher.
Progress update 2022-12-18 03:03:36.180510 : ===============================================================================.

-----------------------------------------------------------------------
The current time is:  3:03:36.36
Enter the new time:
-----------------------------------------------------------------------
End   run_io_avstats
=======================================================================
