=======================================================================
Start run_io_avstats
-----------------------------------------------------------------------
IO-AVSTATS - Aviation Accident Statistics.
-----------------------------------------------------------------------
PYTHONPATH :
-----------------------------------------------------------------------
TASK       : l_n_a
CORRECTION :
MSACCESS   : up22DEC
-----------------------------------------------------------------------
The current time is:  2:39:11.38
Enter the new time:
=======================================================================
Progress update 2022-12-23 02:39:13.253741 : ===============================================================================.
Progress update 2022-12-23 02:39:13.253741 : INFO.00.004 Start Launcher.
Progress update 2022-12-23 02:39:13.255741 : INFO.00.001 The logger is configured and ready.
Progress update 2022-12-23 02:39:13.264242 : INFO.00.008 Arguments task='l_n_a' msaccess='up22DEC'.
Progress update 2022-12-23 02:39:13.264242 : -------------------------------------------------------------------------------.
Progress update 2022-12-23 02:39:13.264242 : INFO.00.049 Loading NTSB MS Access database data from  file 'up22DEC'.
Progress update 2022-12-23 02:39:13.264242 : --------------------------------------------------------------------------------
Progress update 2022-12-23 02:39:13.264742 : INFO.00.054 ODBC driver='DRIVER={Microsoft Access Driver (*.mdb, *.accdb)};DBQ=D:\SoftDevelopment\Projects\IO-Aero\io-avstats\data\download\up22DEC.mdb;'.
Progress update 2022-12-23 02:39:13.950608 : INFO.00.021 The following database table is not processed: 'MSysAccessObjects'.
Progress update 2022-12-23 02:39:13.950608 : INFO.00.021 The following database table is not processed: 'MSysACEs'.
Progress update 2022-12-23 02:39:13.950608 : INFO.00.021 The following database table is not processed: 'MSysIMEXColumns'.
Progress update 2022-12-23 02:39:13.950608 : INFO.00.021 The following database table is not processed: 'MSysIMEXSpecs'.
Progress update 2022-12-23 02:39:13.950608 : INFO.00.021 The following database table is not processed: 'MSysModules2'.
Progress update 2022-12-23 02:39:13.951106 : INFO.00.021 The following database table is not processed: 'MSysNavPaneGroupCategories'.
Progress update 2022-12-23 02:39:13.951106 : INFO.00.021 The following database table is not processed: 'MSysNavPaneGroups'.
Progress update 2022-12-23 02:39:13.951106 : INFO.00.021 The following database table is not processed: 'MSysNavPaneGroupToObjects'.
Progress update 2022-12-23 02:39:13.951106 : INFO.00.021 The following database table is not processed: 'MSysNavPaneObjectIDs'.
Progress update 2022-12-23 02:39:13.951106 : INFO.00.021 The following database table is not processed: 'MSysObjects'.
Progress update 2022-12-23 02:39:13.951106 : INFO.00.021 The following database table is not processed: 'MSysQueries'.
Progress update 2022-12-23 02:39:13.951608 : INFO.00.021 The following database table is not processed: 'MSysRelationships'.
Progress update 2022-12-23 02:39:13.951608 : INFO.00.021 The following database table is not processed: 'Country'.
Progress update 2022-12-23 02:39:13.951608 : INFO.00.021 The following database table is not processed: 'ct_iaids'.
Progress update 2022-12-23 02:39:13.951608 : INFO.00.021 The following database table is not processed: 'ct_seqevt'.
Progress update 2022-12-23 02:39:13.951608 : INFO.00.021 The following database table is not processed: 'eADMSPUB_DataDictionary'.
Progress update 2022-12-23 02:39:13.951608 : INFO.00.021 The following database table is not processed: 'states'.
Progress update 2022-12-23 02:39:13.951608 :
Progress update 2022-12-23 02:39:13.951608 : Database table       : events              <-----------------------------------.
Progress update 2022-12-23 02:39:18.382394 : Number rows selected :    128.
Progress update 2022-12-23 02:39:18.382895 : Number rows inserted :     35.
Progress update 2022-12-23 02:39:18.382895 : Number rows updated  :     93.
Progress update 2022-12-23 02:39:18.382895 :
Progress update 2022-12-23 02:39:18.382895 : Database table       : aircraft            <-----------------------------------.
Progress update 2022-12-23 02:39:26.547051 : Number rows selected :    128.
Progress update 2022-12-23 02:39:26.547051 : Number rows inserted :     35.
Progress update 2022-12-23 02:39:26.547051 : Number rows updated  :     93.
Progress update 2022-12-23 02:39:26.547051 :
Progress update 2022-12-23 02:39:26.547552 : Database table       : dt_events           <-----------------------------------.
Progress update 2022-12-23 02:39:38.793480 : Number rows selected :    462.
Progress update 2022-12-23 02:39:38.793980 : Number rows inserted :    195.
Progress update 2022-12-23 02:39:38.793980 : Number rows updated  :    267.
Progress update 2022-12-23 02:39:38.793980 :
Progress update 2022-12-23 02:39:38.793980 : Database table       : ntsb_admin          <-----------------------------------.
Progress update 2022-12-23 02:39:42.100977 : Number rows selected :    128.
Progress update 2022-12-23 02:39:42.101478 : Number rows inserted :     35.
Progress update 2022-12-23 02:39:42.101478 : Number rows updated  :     93.
Progress update 2022-12-23 02:39:42.101478 :
Progress update 2022-12-23 02:39:42.101478 : Database table       : dt_aircraft         <-----------------------------------.
Progress update 2022-12-23 02:40:09.010570 : Number rows selected :   1014.
Progress update 2022-12-23 02:40:09.010570 : Number rows inserted :    580.
Progress update 2022-12-23 02:40:09.010570 : Number rows updated  :    434.
Progress update 2022-12-23 02:40:09.011071 :
Progress update 2022-12-23 02:40:09.011071 : Database table       : engines             <-----------------------------------.
Progress update 2022-12-23 02:40:10.593011 : Number rows selected :     58.
Progress update 2022-12-23 02:40:10.593011 : Number rows inserted :     47.
Progress update 2022-12-23 02:40:10.593011 : Number rows updated  :     11.
Progress update 2022-12-23 02:40:10.593511 :
Progress update 2022-12-23 02:40:10.593511 : Database table       : events_sequence     <-----------------------------------.
Progress update 2022-12-23 02:40:14.242239 : Number rows selected :    144.
Progress update 2022-12-23 02:40:14.242239 : Number rows inserted :     72.
Progress update 2022-12-23 02:40:14.242239 : Number rows updated  :     72.
Progress update 2022-12-23 02:40:14.242239 :
Progress update 2022-12-23 02:40:14.242239 : Database table       : findings            <-----------------------------------.
Progress update 2022-12-23 02:40:17.032820 : Number rows selected :    115.
Progress update 2022-12-23 02:40:17.032820 : Number rows inserted :    115.
Progress update 2022-12-23 02:40:17.033320 :
Progress update 2022-12-23 02:40:17.033320 : Database table       : flight_crew         <-----------------------------------.
Progress update 2022-12-23 02:40:19.174002 : Number rows selected :     81.
Progress update 2022-12-23 02:40:19.174515 : Number rows inserted :     66.
Progress update 2022-12-23 02:40:19.174515 : Number rows updated  :     15.
Progress update 2022-12-23 02:40:19.174515 :
Progress update 2022-12-23 02:40:19.174515 : Database table       : injury              <-----------------------------------.
Progress update 2022-12-23 02:40:30.412769 : Number rows selected :    419.
Progress update 2022-12-23 02:40:30.412769 : Number rows inserted :    194.
Progress update 2022-12-23 02:40:30.413269 : Number rows updated  :    225.
Progress update 2022-12-23 02:40:30.413269 :
Progress update 2022-12-23 02:40:30.413269 : Database table       : narratives          <-----------------------------------.
Progress update 2022-12-23 02:40:32.918145 : Number rows selected :     68.
Progress update 2022-12-23 02:40:32.918145 : Number rows inserted :     48.
Progress update 2022-12-23 02:40:32.918646 : Number rows updated  :     20.
Progress update 2022-12-23 02:40:32.918646 :
Progress update 2022-12-23 02:40:32.918646 : Database table       : occurrences         <-----------------------------------.
Progress update 2022-12-23 02:40:32.919146 : Number rows selected :      0.
Progress update 2022-12-23 02:40:32.919146 :
Progress update 2022-12-23 02:40:32.919645 : Database table       : dt_flight_crew      <-----------------------------------.
Progress update 2022-12-23 02:40:44.233887 : Number rows selected :    432.
Progress update 2022-12-23 02:40:44.233887 : Number rows inserted :    356.
Progress update 2022-12-23 02:40:44.234398 : Number rows updated  :     76.
Progress update 2022-12-23 02:40:44.234398 :
Progress update 2022-12-23 02:40:44.234398 : Database table       : flight_time         <-----------------------------------.
Progress update 2022-12-23 02:41:07.219375 : Number rows selected :    930.
Progress update 2022-12-23 02:41:07.219375 : Number rows inserted :    780.
Progress update 2022-12-23 02:41:07.219375 : Number rows updated  :    150.
Progress update 2022-12-23 02:41:07.219874 :
Progress update 2022-12-23 02:41:07.219874 : Database table       : seq_of_events       <-----------------------------------.
Progress update 2022-12-23 02:41:07.220374 : Number rows selected :      0.
Progress update 2022-12-23 02:41:07.363998 : INFO.00.065 Cleansing PostgreSQL data.
Progress update 2022-12-23 02:41:07.363998 : --------------------------------------------------------------------------------
Progress update 2022-12-23 02:41:07.435078 : INFO.00.066 Cleansing table 'events' column 'ev_city'.
Progress update 2022-12-23 02:41:10.917554 : --------------------------------------------------------------------------------
Progress update 2022-12-23 02:41:10.918054 : INFO.00.066 Cleansing table 'events' column 'ev_site_zipcode'.
Progress update 2022-12-23 02:41:13.628311 : --------------------------------------------------------------------------------
Progress update 2022-12-23 02:41:13.628311 : INFO.00.066 Cleansing table 'events' column 'latitude'.
Progress update 2022-12-23 02:41:16.234311 : --------------------------------------------------------------------------------
Progress update 2022-12-23 02:41:16.234311 : INFO.00.066 Cleansing table 'events' column 'longitude'.
Progress update 2022-12-23 02:41:18.810767 : -------------------------------------------------------------------------------.
Progress update 2022-12-23 02:41:18.810767 :      125,709,026,200 ns - Total time launcher.
Progress update 2022-12-23 02:41:18.811269 : INFO.00.006 End   Launcher.
Progress update 2022-12-23 02:41:18.811269 : ===============================================================================.

-----------------------------------------------------------------------
The current time is:  2:41:18.98
Enter the new time:
-----------------------------------------------------------------------
End   run_io_avstats
=======================================================================
