Script run_io_avstats is now running
=======================================================================
Start run_io_avstats
-----------------------------------------------------------------------
IO-AVSTATS - Aviation Accident Statistics.
-----------------------------------------------------------------------
PYTHONPATH :
-----------------------------------------------------------------------
TASK       : v_n_d
CORRECTION :
MSACCESS   :
-----------------------------------------------------------------------
The current time is: 13:44:01.18
Enter the new time:
=======================================================================
Progress update 2022-12-12 13:44:03.060593 : ===============================================================================.
Progress update 2022-12-12 13:44:03.060593 : INFO.00.004 Start Launcher.
Progress update 2022-12-12 13:44:03.062593 : INFO.00.001 The logger is configured and ready.
Progress update 2022-12-12 13:44:03.070593 : INFO.00.005 Argument task='v_n_d'.
Progress update 2022-12-12 13:44:03.070593 : -------------------------------------------------------------------------------.
Progress update 2022-12-12 13:44:03.071094 : INFO.00.043 Verify selected NTSB data.
Progress update 2022-12-12 13:44:03.071094 : --------------------------------------------------------------------------------
Progress update 2022-12-12 13:44:04.364950 : INFO.00.063 Processed data source 'events'.
Progress update 2022-12-12 13:44:04.364950 : Number cols deleted  :  27349.
Progress update 2022-12-12 13:44:04.365450 : --------------------------------------------------------------------------------
Progress update 2022-12-12 13:44:04.400450 : INFO.00.064 Verification of table 'events' column(s) 'latitude & longitude'.
Progress update 2022-12-12 13:44:04.400450 : --------------------------------------------------------------------------------
Progress update 2022-12-12 13:44:05.393984 : Number of rows so far read :   5000.
Progress update 2022-12-12 13:44:10.497248 : Number of rows so far read :  10000.
Progress update 2022-12-12 13:44:59.132956 : Number of rows so far read :  15000.
Progress update 2022-12-12 13:46:26.258657 : Number of rows so far read :  20000.
Progress update 2022-12-12 13:47:38.389027 : Number of rows so far read :  25000.
Progress update 2022-12-12 13:48:50.702806 : Number of rows so far read :  30000.
Progress update 2022-12-12 13:49:52.964728 : Number rows errors   :  12363.
Progress update 2022-12-12 13:49:52.964728 : --------------------------------------------------------------------------------
Progress update 2022-12-12 13:49:52.965229 : INFO.00.064 Verification of table 'events' column(s) 'ev_city'.
Progress update 2022-12-12 13:49:54.126754 : Number rows errors   :   6041.
Progress update 2022-12-12 13:49:54.126754 : --------------------------------------------------------------------------------
Progress update 2022-12-12 13:49:54.126754 : INFO.00.064 Verification of table 'events' column(s) 'ev_city & ev_site_zipcode'.
Progress update 2022-12-12 13:49:55.468522 : Number rows errors   :  16507.
Progress update 2022-12-12 13:49:55.468522 : --------------------------------------------------------------------------------
Progress update 2022-12-12 13:49:55.468522 : INFO.00.064 Verification of table 'events' column(s) 'ev_state'.
Progress update 2022-12-12 13:49:56.193022 : Number rows errors   :    291.
Progress update 2022-12-12 13:49:56.193022 : --------------------------------------------------------------------------------
Progress update 2022-12-12 13:49:56.193022 : INFO.00.064 Verification of table 'events' column(s) 'ev_site_zipcode'.
Progress update 2022-12-12 13:49:56.701520 : Number rows errors   :   6034.
Progress update 2022-12-12 13:49:56.701520 : --------------------------------------------------------------------------------
Progress update 2022-12-12 13:49:56.702519 : Number rows selected :  34300.
Progress update 2022-12-12 13:49:56.703019 : Number rows updated  :  41236.
Progress update 2022-12-12 13:49:56.703019 : Number rows errors   :  41236.
Progress update 2022-12-12 13:49:56.703019 : -------------------------------------------------------------------------------.
Progress update 2022-12-12 13:49:56.703019 :      353,785,422,200 ns - Total time launcher.
Progress update 2022-12-12 13:49:56.703019 : INFO.00.006 End   Launcher.
Progress update 2022-12-12 13:49:56.703019 : ===============================================================================.

-----------------------------------------------------------------------
The current time is: 13:49:56.85
Enter the new time:
-----------------------------------------------------------------------
End   run_io_avstats
=======================================================================
